<?xml version="1.0" encoding="UTF-8"?>
<!-- Generated by org.testng.reporters.JUnitReportReporter -->
<testsuite hostname="SKHAREED-LAP" failures="0" tests="1" name="com.testCases.Test6" time="2.725" errors="0" timestamp="17 Oct 2019 12:24:08 GMT" skipped="0">
  <testcase classname="com.testCases.Test6" name="createProjectTest" time="2.725"/>
</testsuite> <!-- com.testCases.Test6 -->
