<?xml version="1.0" encoding="UTF-8"?>
<!-- Generated by org.testng.reporters.JUnitReportReporter -->
<testsuite hostname="SKHAREED-LAP" failures="0" tests="1" name="com.testCases.Test4" time="4.615" errors="0" timestamp="17 Oct 2019 12:24:08 GMT" skipped="0">
  <testcase classname="com.testCases.Test4" name="createProjectTest" time="4.615"/>
</testsuite> <!-- com.testCases.Test4 -->
