<?xml version="1.0" encoding="UTF-8"?>
<!-- Generated by org.testng.reporters.JUnitReportReporter -->
<testsuite hostname="SKHAREED-LAP" failures="0" tests="1" name="com.testCases.Test5" time="3.612" errors="0" timestamp="17 Oct 2019 12:24:08 GMT" skipped="0">
  <testcase classname="com.testCases.Test5" name="createProjectTest" time="3.612"/>
</testsuite> <!-- com.testCases.Test5 -->
