<?xml version="1.0" encoding="UTF-8"?>
<!-- Generated by org.testng.reporters.JUnitReportReporter -->
<testsuite hostname="SKHAREED-LAP" failures="0" tests="1" name="com.testBase.TestBase" time="5.421" errors="0" timestamp="17 Oct 2019 09:32:15 GMT" skipped="0">
  <testcase classname="com.testBase.TestBase" name="OpenBrowser" time="5.421"/>
</testsuite> <!-- com.testBase.TestBase -->
